This is pdfTeX, Version 3.141592653-2.6-1.40.24 (TeX Live 2022) (preloaded format=pdflatex 2022.5.13)  14 APR 2023 15:01
entering extended mode
 restricted \write18 enabled.
 file:line:error style messages enabled.
 %&-line parsing enabled.
**thesis.tex
(./thesis.tex
LaTeX2e <2021-11-15> patch level 1
L3 programming layer <2022-02-24> (/usr/local/texlive/2022/texmf-dist/tex/latex/base/report.cls
Document Class: report 2021/10/04 v1.4n Standard LaTeX document class
(/usr/local/texlive/2022/texmf-dist/tex/latex/base/size12.clo
File: size12.clo 2021/10/04 v1.4n Standard LaTeX file (size option)
)
\c@part=\count185
\c@chapter=\count186
\c@section=\count187
\c@subsection=\count188
\c@subsubsection=\count189
\c@paragraph=\count190
\c@subparagraph=\count191
\c@figure=\count192
\c@table=\count193
\abovecaptionskip=\skip47
\belowcaptionskip=\skip48
\bibindent=\dimen138
) (/usr/local/texlive/2022/texmf-dist/tex/latex/base/fontenc.sty
Package: fontenc 2021/04/29 v2.0v Standard LaTeX package
) (../utdiss3.sty
*
* U.T. Austin Doctoral Dissertation Format by Young. U. Ryu,
* June 1991. With some fixes by Miguel A. Lerma, Fall 1995, 
* Spring 1996, Summer 1996, Spring 1997, Summer 1997, Spring 1998.
*
* Modified to new Graduate School standards Fall 2001
* by Craig McCluskey mccluskey@mail.utexas.edu 
* - this is utdiss2-05.sty
*
\regular@textheight=\skip49
\short@textheight=\skip50
\c@regular@short=\count194
\one@num=\skip51
\two@num=\skip52
\three@num=\skip53
\four@num=\skip54
\five@num=\skip55
\six@num=\skip56
\c@onenum=\skip57
\c@twonum=\skip58
\c@threenum=\skip59
\c@fournum=\skip60
\c@fivenum=\skip61
\toc@chap@indent=\skip62
\chap@or@app=\count195
\with@parts=\count196
\c@no@chapters=\count197
\s@short@textheight=\skip63
\c@regular@short@col=\count198
* *
* *
* This is a dissertation *
* *
* *
\numberofsupervisors=\count199
\supervisornumbercounter=\count266
\numberofmembers=\count267
\membernumbercounter=\count268
) (/usr/local/texlive/2022/texmf-dist/tex/latex/amsmath/amsmath.sty
Package: amsmath 2021/10/15 v2.17l AMS math features
\@mathmargin=\skip64

For additional information on amsmath, use the `?' option.
(/usr/local/texlive/2022/texmf-dist/tex/latex/amsmath/amstext.sty
Package: amstext 2021/08/26 v2.01 AMS text
 (/usr/local/texlive/2022/texmf-dist/tex/latex/amsmath/amsgen.sty
File: amsgen.sty 1999/11/30 v2.0 generic functions
\@emptytoks=\toks16
\ex@=\dimen139
)) (/usr/local/texlive/2022/texmf-dist/tex/latex/amsmath/amsbsy.sty
Package: amsbsy 1999/11/29 v1.2d Bold Symbols
\pmbraise@=\dimen140
) (/usr/local/texlive/2022/texmf-dist/tex/latex/amsmath/amsopn.sty
Package: amsopn 2021/08/26 v2.02 operator names
)
\inf@bad=\count269
LaTeX Info: Redefining \frac on input line 234.
\uproot@=\count270
\leftroot@=\count271
LaTeX Info: Redefining \overline on input line 399.
\classnum@=\count272
\DOTSCASE@=\count273
LaTeX Info: Redefining \ldots on input line 496.
LaTeX Info: Redefining \dots on input line 499.
LaTeX Info: Redefining \cdots on input line 620.
\Mathstrutbox@=\box50
\strutbox@=\box51
\big@size=\dimen141
LaTeX Font Info:    Redeclaring font encoding OML on input line 743.
LaTeX Font Info:    Redeclaring font encoding OMS on input line 744.
\macc@depth=\count274
\c@MaxMatrixCols=\count275
\dotsspace@=\muskip16
\c@parentequation=\count276
\dspbrk@lvl=\count277
\tag@help=\toks17
\row@=\count278
\column@=\count279
\maxfields@=\count280
\andhelp@=\toks18
\eqnshift@=\dimen142
\alignsep@=\dimen143
\tagshift@=\dimen144
\tagwidth@=\dimen145
\totwidth@=\dimen146
\lineht@=\dimen147
\@envbody=\toks19
\multlinegap=\skip65
\multlinetaggap=\skip66
\mathdisplay@stack=\toks20
LaTeX Info: Redefining \[ on input line 2938.
LaTeX Info: Redefining \] on input line 2939.
) (/usr/local/texlive/2022/texmf-dist/tex/latex/amscls/amsthm.sty
Package: amsthm 2020/05/29 v2.20.6
\thm@style=\toks21
\thm@bodyfont=\toks22
\thm@headfont=\toks23
\thm@notefont=\toks24
\thm@headpunct=\toks25
\thm@preskip=\skip67
\thm@postskip=\skip68
\thm@headsep=\skip69
\dth@everypar=\toks26
) (/usr/local/texlive/2022/texmf-dist/tex/latex/amsfonts/amsfonts.sty
Package: amsfonts 2013/01/14 v3.01 Basic AMSFonts support
\symAMSa=\mathgroup4
\symAMSb=\mathgroup5
LaTeX Font Info:    Redeclaring math symbol \hbar on input line 98.
LaTeX Font Info:    Overwriting math alphabet `\mathfrak' in version `bold'
(Font)                  U/euf/m/n --> U/euf/b/n on input line 106.
) (/usr/local/texlive/2022/texmf-dist/tex/latex/amsmath/amscd.sty
Package: amscd 2017/04/14 v2.1 AMS Commutative Diagrams
\athelp@=\toks27
\minaw@=\dimen148
\bigaw@=\dimen149
\minCDarrowwidth=\dimen150
) (/usr/local/texlive/2022/texmf-dist/tex/latex/amsfonts/eucal.sty
Package: eucal 2009/06/22 v3.00 Euler Script fonts
LaTeX Font Info:    Overwriting math alphabet `\EuScript' in version `bold'
(Font)                  U/eus/m/n --> U/eus/b/n on input line 33.
) (/usr/local/texlive/2022/texmf-dist/tex/latex/tools/verbatim.sty
Package: verbatim 2020-07-07 v1.5u LaTeX2e package for verbatim enhancements
\every@verbatim=\toks28
\verbatim@line=\toks29
\verbatim@in@stream=\read2
) (/usr/local/texlive/2022/texmf-dist/tex/latex/base/makeidx.sty
Package: makeidx 2021/10/04 v1.0m Standard LaTeX package
) (/usr/local/texlive/2022/texmf-dist/tex/latex/graphics/graphicx.sty
Package: graphicx 2021/09/16 v1.2d Enhanced LaTeX Graphics (DPC,SPQR)
 (/usr/local/texlive/2022/texmf-dist/tex/latex/graphics/keyval.sty
Package: keyval 2014/10/28 v1.15 key=value parser (DPC)
\KV@toks@=\toks30
) (/usr/local/texlive/2022/texmf-dist/tex/latex/graphics/graphics.sty
Package: graphics 2021/03/04 v1.4d Standard LaTeX Graphics (DPC,SPQR)
 (/usr/local/texlive/2022/texmf-dist/tex/latex/graphics/trig.sty
Package: trig 2021/08/11 v1.11 sin cos tan (DPC)
) (/usr/local/texlive/2022/texmf-dist/tex/latex/graphics-cfg/graphics.cfg
File: graphics.cfg 2016/06/04 v1.11 sample graphics configuration
)
Package graphics Info: Driver file: pdftex.def on input line 107.
 (/usr/local/texlive/2022/texmf-dist/tex/latex/graphics-def/pdftex.def
File: pdftex.def 2020/10/05 v1.2a Graphics/color driver for pdftex
))
\Gin@req@height=\dimen151
\Gin@req@width=\dimen152
) (/usr/local/texlive/2022/texmf-dist/tex/latex/cite/cite.sty
LaTeX Info: Redefining \cite on input line 302.
LaTeX Info: Redefining \nocite on input line 332.
Package: cite 2015/02/27  v 5.5
) (/usr/local/texlive/2022/texmf-dist/tex/latex/url/url.sty
\Urlmuskip=\muskip17
Package: url 2013/09/16  ver 3.4  Verb mode for urls, etc.
) (/usr/local/texlive/2022/texmf-dist/tex/latex/draftcopy/draftcopy.sty
Package: draftcopy 2002/02/25 v2.16
\draftcopy@hour=\count281
\draftcopy@minute=\count282
 (/usr/local/texlive/2022/texmf-dist/tex/latex/draftcopy/draftcopy.cfg)
Prints DRAFT on pages; does not show in your DVI viewer
)
* *
* *
* This is a master thesis *
* *
* *
\c@thm=\count283
\c@ax=\count284
\c@defn=\count285
\c@rem=\count286
\@indexfile=\write3
\openout3 = `thesis.idx'.

Writing index file thesis.idx
(/usr/local/texlive/2022/texmf-dist/tex/latex/l3backend/l3backend-pdftex.def
File: l3backend-pdftex.def 2022-02-07 L3 backend support: PDF output (pdfTeX)
\l__color_backend_stack_int=\count287
\l__pdf_internal_box=\box52
) (./thesis.aux (./content/chapter-introduction.aux) (./content/chapter-background.aux) (./content/chapter-vr-interface.aux) (./content/chapter-real-robot.aux) (./content/chapter-simulation.aux) (./content/chapter-future-work.aux) (./content/chapter-appendix1.aux) (./content/chapter-appendix2.aux) (./content/chapter-appendix3.aux))
\openout1 = `thesis.aux'.

LaTeX Font Info:    Checking defaults for OML/cmm/m/it on input line 241.
LaTeX Font Info:    ... okay on input line 241.
LaTeX Font Info:    Checking defaults for OMS/cmsy/m/n on input line 241.
LaTeX Font Info:    ... okay on input line 241.
LaTeX Font Info:    Checking defaults for OT1/cmr/m/n on input line 241.
LaTeX Font Info:    ... okay on input line 241.
LaTeX Font Info:    Checking defaults for T1/cmr/m/n on input line 241.
LaTeX Font Info:    ... okay on input line 241.
LaTeX Font Info:    Checking defaults for TS1/cmr/m/n on input line 241.
LaTeX Font Info:    ... okay on input line 241.
LaTeX Font Info:    Checking defaults for OMX/cmex/m/n on input line 241.
LaTeX Font Info:    ... okay on input line 241.
LaTeX Font Info:    Checking defaults for U/cmr/m/n on input line 241.
LaTeX Font Info:    ... okay on input line 241.
 (/usr/local/texlive/2022/texmf-dist/tex/context/base/mkii/supp-pdf.mkii
[Loading MPS to PDF converter (version 2006.09.02).]
\scratchcounter=\count288
\scratchdimen=\dimen153
\scratchbox=\box53
\nofMPsegments=\count289
\nofMParguments=\count290
\everyMPshowfont=\toks31
\MPscratchCnt=\count291
\MPscratchDim=\dimen154
\MPnumerator=\count292
\makeMPintoPDFobject=\count293
\everyMPtoPDFconversion=\toks32
) (/usr/local/texlive/2022/texmf-dist/tex/latex/epstopdf-pkg/epstopdf-base.sty
Package: epstopdf-base 2020-01-24 v2.11 Base part for package epstopdf
Package epstopdf-base Info: Redefining graphics rule for `.eps' on input line 485.
 (/usr/local/texlive/2022/texmf-dist/tex/latex/latexconfig/epstopdf-sys.cfg
File: epstopdf-sys.cfg 2010/07/13 v1.3 Configuration of (r)epstopdf for TeX Live
)) [1


Non-PDF special ignored!
<special> ! userdict       begin       /draftcopy-CurrentPage 0 def       /...
{/usr/local/texlive/2022/texmf-var/fonts/map/pdftex/updmap/pdftex.map}] [2

] [3


] [4

] [5] (./thesis.toc
LaTeX Font Info:    Trying to load font information for U+msa on input line 6.
 (/usr/local/texlive/2022/texmf-dist/tex/latex/amsfonts/umsa.fd
File: umsa.fd 2013/01/14 v3.01 AMS symbols A
)
LaTeX Font Info:    Trying to load font information for U+msb on input line 6.
 (/usr/local/texlive/2022/texmf-dist/tex/latex/amsfonts/umsb.fd
File: umsb.fd 2013/01/14 v3.01 AMS symbols B
) [6

])
\tf@toc=\write4
\openout4 = `thesis.toc'.

 [7] (./thesis.lot)
\tf@lot=\write5
\openout5 = `thesis.lot'.

 [8

] (./thesis.lof)
\tf@lof=\write6
\openout6 = `thesis.lof'.

 [9

]
\openout2 = `content/chapter-introduction.aux'.

 (./content/chapter-introduction.tex
Chapter 1.
[1


]
<figs//sim.png, id=38, 694.595pt x 516.93124pt>
File: figs//sim.png Graphic file (type png)
<use figs//sim.png>
Package pdftex.def Info: figs//sim.png  used on input line 10.
(pdftex.def)             Requested size: 152.7127pt x 113.65424pt.
<figs//real.jpeg, id=40, 1573.88pt x 1121.18875pt>
File: figs//real.jpeg Graphic file (type jpg)
<use figs//real.jpeg>
Package pdftex.def Info: figs//real.jpeg  used on input line 11.
(pdftex.def)             Requested size: 159.76105pt x 113.80202pt.
 [2 <./figs//sim.png> <./figs//real.jpeg>]
<figs//overview.png, id=45, 1169.36874pt x 363.3575pt>
File: figs//overview.png Graphic file (type png)
<use figs//overview.png>
Package pdftex.def Info: figs//overview.png  used on input line 21.
(pdftex.def)             Requested size: 397.48499pt x 123.51218pt.
 [3] [4 <./figs//overview.png>] [5] [6] [7] [8]) [9]
\openout2 = `content/chapter-background.aux'.

 (./content/chapter-background.tex
Chapter 2.
[10




] [11] [12] [13] [14] [15] [16] [17]) [18]
\openout2 = `content/chapter-vr-interface.aux'.

 (./content/chapter-vr-interface.tex
Chapter 3.
<figs//architecture_diagram.jpeg, id=106, 1370.62062pt x 746.28813pt>
File: figs//architecture_diagram.jpeg Graphic file (type jpg)
<use figs//architecture_diagram.jpeg>
Package pdftex.def Info: figs//architecture_diagram.jpeg  used on input line 18.
(pdftex.def)             Requested size: 397.48499pt x 216.4294pt.
[19




] [20 <./figs//architecture_diagram.jpeg>] [21] [22] [23] [24]
<figs//arrows.png, id=126, 980.66376pt x 871.255pt>
File: figs//arrows.png Graphic file (type png)
<use figs//arrows.png>
Package pdftex.def Info: figs//arrows.png  used on input line 63.
(pdftex.def)             Requested size: 176.20697pt x 156.53995pt.
 [25] [26 <./figs//arrows.png>]) [27] [28]
\openout2 = `content/chapter-real-robot.aux'.

 (./content/chapter-real-robot.tex
Chapter 4.
<figs//robot-architecture.png, id=142, 1435.3625pt x 806.01125pt>
File: figs//robot-architecture.png Graphic file (type png)
<use figs//robot-architecture.png>
Package pdftex.def Info: figs//robot-architecture.png  used on input line 10.
(pdftex.def)             Requested size: 397.48499pt x 223.19727pt.
[29




] [30 <./figs//robot-architecture.png>] [31]
<figs//pick-and-place.jpeg, id=153, 2900.8375pt x 1451.4225pt>
File: figs//pick-and-place.jpeg Graphic file (type jpg)
<use figs//pick-and-place.jpeg>
Package pdftex.def Info: figs//pick-and-place.jpeg  used on input line 33.
(pdftex.def)             Requested size: 397.48499pt x 198.87912pt.
 [32 <./figs//pick-and-place.jpeg>]
<figs//real-eval.png, id=157, 1033.8625pt x 776.9025pt>
File: figs//real-eval.png Graphic file (type png)
<use figs//real-eval.png>
Package pdftex.def Info: figs//real-eval.png  used on input line 42.
(pdftex.def)             Requested size: 176.20697pt x 132.4036pt.
<figs//Right hand orientation.png, id=158, 1215.5814pt x 718.3638pt>
File: figs//Right hand orientation.png Graphic file (type png)
<use figs//Right hand orientation.png>
Package pdftex.def Info: figs//Right hand orientation.png  used on input line 48.
(pdftex.def)             Requested size: 397.48499pt x 234.9014pt.
<figs//Right hand position.png, id=159, 1203.2955pt x 718.3638pt>
File: figs//Right hand position.png Graphic file (type png)
<use figs//Right hand position.png>
Package pdftex.def Info: figs//Right hand position.png  used on input line 49.
(pdftex.def)             Requested size: 397.48499pt x 237.29097pt.
 [33 <./figs//real-eval.png>] [34 <./figs//Right hand orientation.png> <./figs//Right hand position.png>]
<figs//surgery.jpeg, id=170, 669.702pt x 461.0826pt>
File: figs//surgery.jpeg Graphic file (type jpg)
<use figs//surgery.jpeg>
Package pdftex.def Info: figs//surgery.jpeg  used on input line 63.
(pdftex.def)             Requested size: 176.20697pt x 121.31389pt.
) [35 <./figs//surgery.jpeg>]
\openout2 = `content/chapter-simulation.aux'.

 (./content/chapter-simulation.tex
Chapter 5.
[36




] [37]
<figs//door1.png, id=180, 1204.5pt x 355.3275pt>
File: figs//door1.png Graphic file (type png)
<use figs//door1.png>
Package pdftex.def Info: figs//door1.png  used on input line 44.
(pdftex.def)             Requested size: 377.60951pt x 111.3974pt.
<figs//door2.png, id=181, 1199.48125pt x 348.30125pt>
File: figs//door2.png Graphic file (type png)
<use figs//door2.png>
Package pdftex.def Info: figs//door2.png  used on input line 46.
(pdftex.def)             Requested size: 377.60951pt x 109.64638pt.
<figs//pot.png, id=182, 1207.51125pt x 350.30875pt>
File: figs//pot.png Graphic file (type png)
<use figs//pot.png>
Package pdftex.def Info: figs//pot.png  used on input line 48.
(pdftex.def)             Requested size: 377.60951pt x 109.54604pt.
<figs//lid.png, id=183, 1187.43625pt x 349.305pt>
File: figs//lid.png Graphic file (type png)
<use figs//lid.png>
Package pdftex.def Info: figs//lid.png  used on input line 50.
(pdftex.def)             Requested size: 377.60951pt x 111.08165pt.
) [38] [39 <./figs//door1.png> <./figs//door2.png> <./figs//pot.png> <./figs//lid.png>]
\openout2 = `content/chapter-future-work.aux'.

 (./content/chapter-future-work.tex
Chapter 6.
) [40




]
Appendices.
[41



]
\openout2 = `content/chapter-appendix1.aux'.

 (./content/chapter-appendix1.tex
Appendix A.
LaTeX Font Info:    Trying to load font information for T1+cmtt on input line 6.
(/usr/local/texlive/2022/texmf-dist/tex/latex/base/t1cmtt.fd
File: t1cmtt.fd 2019/12/16 v2.5j Standard LaTeX font definitions
)) [42


]
\openout2 = `content/chapter-appendix2.aux'.

 (./content/chapter-appendix2.tex
Appendix B.
) [43




] [44]
\openout2 = `content/chapter-appendix3.aux'.

 (./content/chapter-appendix3.tex
Appendix C.
) [45




] (./thesis.bbl [46



] [47] [48] [49]) [50] (./thesis.aux (./content/chapter-introduction.aux) (./content/chapter-background.aux) (./content/chapter-vr-interface.aux) (./content/chapter-real-robot.aux) (./content/chapter-simulation.aux) (./content/chapter-future-work.aux) (./content/chapter-appendix1.aux) (./content/chapter-appendix2.aux) (./content/chapter-appendix3.aux)) ) 
Here is how much of TeX's memory you used:
 3544 strings out of 478268
 62169 string characters out of 5846347
 346887 words of memory out of 5000000
 21617 multiletter control sequences out of 15000+600000
 480938 words of font info for 58 fonts, out of 8000000 for 9000
 1141 hyphenation exceptions out of 8191
 55i,14n,62p,1784b,316s stack positions out of 10000i,1000n,20000p,200000b,200000s
{/usr/local/texlive/2022/texmf-dist/fonts/enc/dvips/cm-super/cm-super-t1.enc}</usr/local/texlive/2022/texmf-dist/fonts/type1/public/amsfonts/cm/cmex10.pfb></usr/local/texlive/2022/texmf-dist/fonts/type1/public/amsfonts/cm/cmmi12.pfb></usr/local/texlive/2022/texmf-dist/fonts/type1/public/amsfonts/cm/cmmi6.pfb></usr/local/texlive/2022/texmf-dist/fonts/type1/public/amsfonts/cm/cmmi8.pfb></usr/local/texlive/2022/texmf-dist/fonts/type1/public/amsfonts/cm/cmr12.pfb></usr/local/texlive/2022/texmf-dist/fonts/type1/public/amsfonts/cm/cmr8.pfb></usr/local/texlive/2022/texmf-dist/fonts/type1/public/amsfonts/cm/cmsy10.pfb></usr/local/texlive/2022/texmf-dist/fonts/type1/public/amsfonts/cm/cmsy8.pfb></usr/local/texlive/2022/texmf-dist/fonts/type1/public/cm-super/sfbx1200.pfb></usr/local/texlive/2022/texmf-dist/fonts/type1/public/cm-super/sfbx1440.pfb></usr/local/texlive/2022/texmf-dist/fonts/type1/public/cm-super/sfbx1728.pfb></usr/local/texlive/2022/texmf-dist/fonts/type1/public/cm-super/sfrm0800.pfb></usr/local/texlive/2022/texmf-dist/fonts/type1/public/cm-super/sfrm1200.pfb></usr/local/texlive/2022/texmf-dist/fonts/type1/public/cm-super/sfti1200.pfb></usr/local/texlive/2022/texmf-dist/fonts/type1/public/cm-super/sftt1200.pfb>
Output written on thesis.pdf (59 pages, 12904439 bytes).
PDF statistics:
 298 PDF objects out of 1000 (max. 8388607)
 179 compressed objects within 2 object streams
 0 named destinations out of 1000 (max. 500000)
 76 words of extra memory for PDF output out of 10000 (max. 10000000)

